<?xml version="1.0" encoding="UTF-8"?>
<!-- Generated by org.testng.reporters.JUnitXMLReporter -->
<testsuite ignored="0" hostname="LAPTOP-FAP6QC75" failures="0" tests="7" name="ValidateItemsFromShoppimgCartTest" time="139.398" errors="0" timestamp="28 Sep 2020 16:28:33 GMT">
  <testcase classname="com.automationpractice.signuptests.ValidateItemsFromShoppingCartTest" name="validateItemsFromShoppingCartTest" time="13.214"/>
  <testcase classname="com.automationpractice.signuptests.ValidateItemsFromShoppingCartTest" name="validateItemsFromShoppingCartTest" time="11.534"/>
  <testcase classname="com.automationpractice.signuptests.ValidateItemsFromShoppingCartTest" name="validateItemsFromShoppingCartTest" time="13.494"/>
  <testcase classname="com.automationpractice.signuptests.ValidateItemsFromShoppingCartTest" name="validateItemsFromShoppingCartTest" time="17.116"/>
  <testcase classname="com.automationpractice.signuptests.ValidateItemsFromShoppingCartTest" name="validateItemsFromShoppingCartTest" time="11.737"/>
  <testcase classname="com.automationpractice.signuptests.ValidateItemsFromShoppingCartTest" name="validateItemsFromShoppingCartTest" time="17.091"/>
  <testcase classname="com.automationpractice.signuptests.ValidateItemsFromShoppingCartTest" name="validateItemsFromShoppingCartTest" time="12.906"/>
</testsuite> <!-- ValidateItemsFromShoppimgCartTest -->
